<?xml version="1.0" encoding="UTF-8"?>
<!-- Generated by org.testng.reporters.JUnitReportReporter -->
<testsuite skipped="0" hostname="dckap-PC" name="acme001.com.last.acme.TestCase001" tests="1" failures="0" timestamp="12 Oct 2019 09:59:11 GMT" time="13.033" errors="0">
  <testcase name="testcase001" time="13.033" classname="acme001.com.last.acme.TestCase001"/>
</testsuite> <!-- acme001.com.last.acme.TestCase001 -->
